<?xml version="1.0" encoding="UTF-8"?>
<testsuite xmlns:xsi="http://www.w3.org/2001/XMLSchema-instance" xsi:noNamespaceSchemaLocation="https://maven.apache.org/surefire/maven-surefire-plugin/xsd/surefire-test-report-3.0.xsd" version="3.0" name="runners.TestRunner" time="15.099" tests="0" errors="0" skipped="0" failures="0">
  <properties>
    <property name="gopherProxySet" value="false"/>
    <property name="awt.toolkit" value="sun.lwawt.macosx.LWCToolkit"/>
    <property name="file.encoding.pkg" value="sun.io"/>
    <property name="java.specification.version" value="1.8"/>
    <property name="sun.cpu.isalist" value=""/>
    <property name="sun.jnu.encoding" value="UTF-8"/>
    <property name="java.class.path" value="/Users/nijataliyev/eclipse-workspace/cucumber-selenium/target/test-classes:/Users/nijataliyev/eclipse-workspace/cucumber-selenium/target/classes:/Users/nijataliyev/.m2/repository/org/seleniumhq/selenium/selenium-java/3.141.59/selenium-java-3.141.59.jar:/Users/nijataliyev/.m2/repository/org/seleniumhq/selenium/selenium-api/3.141.59/selenium-api-3.141.59.jar:/Users/nijataliyev/.m2/repository/org/seleniumhq/selenium/selenium-chrome-driver/3.141.59/selenium-chrome-driver-3.141.59.jar:/Users/nijataliyev/.m2/repository/org/seleniumhq/selenium/selenium-edge-driver/3.141.59/selenium-edge-driver-3.141.59.jar:/Users/nijataliyev/.m2/repository/org/seleniumhq/selenium/selenium-firefox-driver/3.141.59/selenium-firefox-driver-3.141.59.jar:/Users/nijataliyev/.m2/repository/org/seleniumhq/selenium/selenium-ie-driver/3.141.59/selenium-ie-driver-3.141.59.jar:/Users/nijataliyev/.m2/repository/org/seleniumhq/selenium/selenium-opera-driver/3.141.59/selenium-opera-driver-3.141.59.jar:/Users/nijataliyev/.m2/repository/org/seleniumhq/selenium/selenium-remote-driver/3.141.59/selenium-remote-driver-3.141.59.jar:/Users/nijataliyev/.m2/repository/org/seleniumhq/selenium/selenium-safari-driver/3.141.59/selenium-safari-driver-3.141.59.jar:/Users/nijataliyev/.m2/repository/org/seleniumhq/selenium/selenium-support/3.141.59/selenium-support-3.141.59.jar:/Users/nijataliyev/.m2/repository/net/bytebuddy/byte-buddy/1.8.15/byte-buddy-1.8.15.jar:/Users/nijataliyev/.m2/repository/org/apache/commons/commons-exec/1.3/commons-exec-1.3.jar:/Users/nijataliyev/.m2/repository/com/google/guava/guava/25.0-jre/guava-25.0-jre.jar:/Users/nijataliyev/.m2/repository/com/google/code/findbugs/jsr305/1.3.9/jsr305-1.3.9.jar:/Users/nijataliyev/.m2/repository/org/checkerframework/checker-compat-qual/2.0.0/checker-compat-qual-2.0.0.jar:/Users/nijataliyev/.m2/repository/com/google/errorprone/error_prone_annotations/2.1.3/error_prone_annotations-2.1.3.jar:/Users/nijataliyev/.m2/repository/com/google/j2objc/j2objc-annotations/1.1/j2objc-annotations-1.1.jar:/Users/nijataliyev/.m2/repository/org/codehaus/mojo/animal-sniffer-annotations/1.14/animal-sniffer-annotations-1.14.jar:/Users/nijataliyev/.m2/repository/com/squareup/okhttp3/okhttp/3.11.0/okhttp-3.11.0.jar:/Users/nijataliyev/.m2/repository/com/squareup/okio/okio/1.14.0/okio-1.14.0.jar:/Users/nijataliyev/.m2/repository/junit/junit/4.12/junit-4.12.jar:/Users/nijataliyev/.m2/repository/org/hamcrest/hamcrest-core/1.3/hamcrest-core-1.3.jar:/Users/nijataliyev/.m2/repository/org/testng/testng/6.14.3/testng-6.14.3.jar:/Users/nijataliyev/.m2/repository/com/beust/jcommander/1.72/jcommander-1.72.jar:/Users/nijataliyev/.m2/repository/org/apache-extras/beanshell/bsh/2.0b6/bsh-2.0b6.jar:/Users/nijataliyev/.m2/repository/io/github/bonigarcia/webdrivermanager/3.4.0/webdrivermanager-3.4.0.jar:/Users/nijataliyev/.m2/repository/org/slf4j/slf4j-api/1.7.25/slf4j-api-1.7.25.jar:/Users/nijataliyev/.m2/repository/commons-io/commons-io/2.6/commons-io-2.6.jar:/Users/nijataliyev/.m2/repository/com/google/code/gson/gson/2.8.5/gson-2.8.5.jar:/Users/nijataliyev/.m2/repository/org/apache/commons/commons-lang3/3.8.1/commons-lang3-3.8.1.jar:/Users/nijataliyev/.m2/repository/org/apache/httpcomponents/httpclient/4.5.6/httpclient-4.5.6.jar:/Users/nijataliyev/.m2/repository/org/apache/httpcomponents/httpcore/4.4.10/httpcore-4.4.10.jar:/Users/nijataliyev/.m2/repository/commons-logging/commons-logging/1.2/commons-logging-1.2.jar:/Users/nijataliyev/.m2/repository/commons-codec/commons-codec/1.10/commons-codec-1.10.jar:/Users/nijataliyev/.m2/repository/org/rauschig/jarchivelib/1.0.0/jarchivelib-1.0.0.jar:/Users/nijataliyev/.m2/repository/org/apache/commons/commons-compress/1.18/commons-compress-1.18.jar:/Users/nijataliyev/.m2/repository/org/jsoup/jsoup/1.11.3/jsoup-1.11.3.jar:/Users/nijataliyev/.m2/repository/io/cucumber/cucumber-java/4.3.0/cucumber-java-4.3.0.jar:/Users/nijataliyev/.m2/repository/io/cucumber/cucumber-core/4.3.0/cucumber-core-4.3.0.jar:/Users/nijataliyev/.m2/repository/io/cucumber/cucumber-html/0.2.7/cucumber-html-0.2.7.jar:/Users/nijataliyev/.m2/repository/io/cucumber/gherkin/5.1.0/gherkin-5.1.0.jar:/Users/nijataliyev/.m2/repository/io/cucumber/tag-expressions/1.1.1/tag-expressions-1.1.1.jar:/Users/nijataliyev/.m2/repository/io/cucumber/cucumber-expressions/6.2.2/cucumber-expressions-6.2.2.jar:/Users/nijataliyev/.m2/repository/io/cucumber/datatable/1.1.12/datatable-1.1.12.jar:/Users/nijataliyev/.m2/repository/io/cucumber/datatable-dependencies/1.1.12/datatable-dependencies-1.1.12.jar:/Users/nijataliyev/.m2/repository/io/cucumber/cucumber-junit/4.3.0/cucumber-junit-4.3.0.jar:"/>
    <property name="java.vm.vendor" value="Oracle Corporation"/>
    <property name="sun.arch.data.model" value="64"/>
    <property name="java.vendor.url" value="http://java.oracle.com/"/>
    <property name="user.timezone" value=""/>
    <property name="java.vm.specification.version" value="1.8"/>
    <property name="os.name" value="Mac OS X"/>
    <property name="user.country" value="US"/>
    <property name="sun.java.launcher" value="SUN_STANDARD"/>
    <property name="sun.boot.library.path" value="/Library/Java/JavaVirtualMachines/jdk1.8.0_181.jdk/Contents/Home/jre/lib"/>
    <property name="sun.java.command" value="/Users/nijataliyev/eclipse-workspace/cucumber-selenium/target/surefire/surefirebooter8507434418374039573.jar /Users/nijataliyev/eclipse-workspace/cucumber-selenium/target/surefire 2019-05-05T08-56-11_689-jvmRun1 surefire266909737587521082tmp surefire_07810169348498078964tmp"/>
    <property name="http.nonProxyHosts" value="local|*.local|169.254/16|*.169.254/16"/>
    <property name="surefire.test.class.path" value="/Users/nijataliyev/eclipse-workspace/cucumber-selenium/target/test-classes:/Users/nijataliyev/eclipse-workspace/cucumber-selenium/target/classes:/Users/nijataliyev/.m2/repository/org/seleniumhq/selenium/selenium-java/3.141.59/selenium-java-3.141.59.jar:/Users/nijataliyev/.m2/repository/org/seleniumhq/selenium/selenium-api/3.141.59/selenium-api-3.141.59.jar:/Users/nijataliyev/.m2/repository/org/seleniumhq/selenium/selenium-chrome-driver/3.141.59/selenium-chrome-driver-3.141.59.jar:/Users/nijataliyev/.m2/repository/org/seleniumhq/selenium/selenium-edge-driver/3.141.59/selenium-edge-driver-3.141.59.jar:/Users/nijataliyev/.m2/repository/org/seleniumhq/selenium/selenium-firefox-driver/3.141.59/selenium-firefox-driver-3.141.59.jar:/Users/nijataliyev/.m2/repository/org/seleniumhq/selenium/selenium-ie-driver/3.141.59/selenium-ie-driver-3.141.59.jar:/Users/nijataliyev/.m2/repository/org/seleniumhq/selenium/selenium-opera-driver/3.141.59/selenium-opera-driver-3.141.59.jar:/Users/nijataliyev/.m2/repository/org/seleniumhq/selenium/selenium-remote-driver/3.141.59/selenium-remote-driver-3.141.59.jar:/Users/nijataliyev/.m2/repository/org/seleniumhq/selenium/selenium-safari-driver/3.141.59/selenium-safari-driver-3.141.59.jar:/Users/nijataliyev/.m2/repository/org/seleniumhq/selenium/selenium-support/3.141.59/selenium-support-3.141.59.jar:/Users/nijataliyev/.m2/repository/net/bytebuddy/byte-buddy/1.8.15/byte-buddy-1.8.15.jar:/Users/nijataliyev/.m2/repository/org/apache/commons/commons-exec/1.3/commons-exec-1.3.jar:/Users/nijataliyev/.m2/repository/com/google/guava/guava/25.0-jre/guava-25.0-jre.jar:/Users/nijataliyev/.m2/repository/com/google/code/findbugs/jsr305/1.3.9/jsr305-1.3.9.jar:/Users/nijataliyev/.m2/repository/org/checkerframework/checker-compat-qual/2.0.0/checker-compat-qual-2.0.0.jar:/Users/nijataliyev/.m2/repository/com/google/errorprone/error_prone_annotations/2.1.3/error_prone_annotations-2.1.3.jar:/Users/nijataliyev/.m2/repository/com/google/j2objc/j2objc-annotations/1.1/j2objc-annotations-1.1.jar:/Users/nijataliyev/.m2/repository/org/codehaus/mojo/animal-sniffer-annotations/1.14/animal-sniffer-annotations-1.14.jar:/Users/nijataliyev/.m2/repository/com/squareup/okhttp3/okhttp/3.11.0/okhttp-3.11.0.jar:/Users/nijataliyev/.m2/repository/com/squareup/okio/okio/1.14.0/okio-1.14.0.jar:/Users/nijataliyev/.m2/repository/junit/junit/4.12/junit-4.12.jar:/Users/nijataliyev/.m2/repository/org/hamcrest/hamcrest-core/1.3/hamcrest-core-1.3.jar:/Users/nijataliyev/.m2/repository/org/testng/testng/6.14.3/testng-6.14.3.jar:/Users/nijataliyev/.m2/repository/com/beust/jcommander/1.72/jcommander-1.72.jar:/Users/nijataliyev/.m2/repository/org/apache-extras/beanshell/bsh/2.0b6/bsh-2.0b6.jar:/Users/nijataliyev/.m2/repository/io/github/bonigarcia/webdrivermanager/3.4.0/webdrivermanager-3.4.0.jar:/Users/nijataliyev/.m2/repository/org/slf4j/slf4j-api/1.7.25/slf4j-api-1.7.25.jar:/Users/nijataliyev/.m2/repository/commons-io/commons-io/2.6/commons-io-2.6.jar:/Users/nijataliyev/.m2/repository/com/google/code/gson/gson/2.8.5/gson-2.8.5.jar:/Users/nijataliyev/.m2/repository/org/apache/commons/commons-lang3/3.8.1/commons-lang3-3.8.1.jar:/Users/nijataliyev/.m2/repository/org/apache/httpcomponents/httpclient/4.5.6/httpclient-4.5.6.jar:/Users/nijataliyev/.m2/repository/org/apache/httpcomponents/httpcore/4.4.10/httpcore-4.4.10.jar:/Users/nijataliyev/.m2/repository/commons-logging/commons-logging/1.2/commons-logging-1.2.jar:/Users/nijataliyev/.m2/repository/commons-codec/commons-codec/1.10/commons-codec-1.10.jar:/Users/nijataliyev/.m2/repository/org/rauschig/jarchivelib/1.0.0/jarchivelib-1.0.0.jar:/Users/nijataliyev/.m2/repository/org/apache/commons/commons-compress/1.18/commons-compress-1.18.jar:/Users/nijataliyev/.m2/repository/org/jsoup/jsoup/1.11.3/jsoup-1.11.3.jar:/Users/nijataliyev/.m2/repository/io/cucumber/cucumber-java/4.3.0/cucumber-java-4.3.0.jar:/Users/nijataliyev/.m2/repository/io/cucumber/cucumber-core/4.3.0/cucumber-core-4.3.0.jar:/Users/nijataliyev/.m2/repository/io/cucumber/cucumber-html/0.2.7/cucumber-html-0.2.7.jar:/Users/nijataliyev/.m2/repository/io/cucumber/gherkin/5.1.0/gherkin-5.1.0.jar:/Users/nijataliyev/.m2/repository/io/cucumber/tag-expressions/1.1.1/tag-expressions-1.1.1.jar:/Users/nijataliyev/.m2/repository/io/cucumber/cucumber-expressions/6.2.2/cucumber-expressions-6.2.2.jar:/Users/nijataliyev/.m2/repository/io/cucumber/datatable/1.1.12/datatable-1.1.12.jar:/Users/nijataliyev/.m2/repository/io/cucumber/datatable-dependencies/1.1.12/datatable-dependencies-1.1.12.jar:/Users/nijataliyev/.m2/repository/io/cucumber/cucumber-junit/4.3.0/cucumber-junit-4.3.0.jar:"/>
    <property name="sun.cpu.endian" value="little"/>
    <property name="user.home" value="/Users/nijataliyev"/>
    <property name="user.language" value="en"/>
    <property name="java.specification.vendor" value="Oracle Corporation"/>
    <property name="java.home" value="/Library/Java/JavaVirtualMachines/jdk1.8.0_181.jdk/Contents/Home/jre"/>
    <property name="basedir" value="/Users/nijataliyev/eclipse-workspace/cucumber-selenium"/>
    <property name="file.separator" value="/"/>
    <property name="line.separator" value="&#10;"/>
    <property name="java.vm.specification.vendor" value="Oracle Corporation"/>
    <property name="java.specification.name" value="Java Platform API Specification"/>
    <property name="java.awt.graphicsenv" value="sun.awt.CGraphicsEnvironment"/>
    <property name="surefire.real.class.path" value="/Users/nijataliyev/eclipse-workspace/cucumber-selenium/target/surefire/surefirebooter8507434418374039573.jar"/>
    <property name="sun.boot.class.path" value="/Library/Java/JavaVirtualMachines/jdk1.8.0_181.jdk/Contents/Home/jre/lib/resources.jar:/Library/Java/JavaVirtualMachines/jdk1.8.0_181.jdk/Contents/Home/jre/lib/rt.jar:/Library/Java/JavaVirtualMachines/jdk1.8.0_181.jdk/Contents/Home/jre/lib/sunrsasign.jar:/Library/Java/JavaVirtualMachines/jdk1.8.0_181.jdk/Contents/Home/jre/lib/jsse.jar:/Library/Java/JavaVirtualMachines/jdk1.8.0_181.jdk/Contents/Home/jre/lib/jce.jar:/Library/Java/JavaVirtualMachines/jdk1.8.0_181.jdk/Contents/Home/jre/lib/charsets.jar:/Library/Java/JavaVirtualMachines/jdk1.8.0_181.jdk/Contents/Home/jre/lib/jfr.jar:/Library/Java/JavaVirtualMachines/jdk1.8.0_181.jdk/Contents/Home/jre/classes"/>
    <property name="sun.management.compiler" value="HotSpot 64-Bit Tiered Compilers"/>
    <property name="ftp.nonProxyHosts" value="local|*.local|169.254/16|*.169.254/16"/>
    <property name="java.runtime.version" value="1.8.0_181-b13"/>
    <property name="user.name" value="nijataliyev"/>
    <property name="path.separator" value=":"/>
    <property name="os.version" value="10.14.3"/>
    <property name="java.endorsed.dirs" value="/Library/Java/JavaVirtualMachines/jdk1.8.0_181.jdk/Contents/Home/jre/lib/endorsed"/>
    <property name="java.runtime.name" value="Java(TM) SE Runtime Environment"/>
    <property name="file.encoding" value="UTF-8"/>
    <property name="java.vm.name" value="Java HotSpot(TM) 64-Bit Server VM"/>
    <property name="localRepository" value="/Users/nijataliyev/.m2/repository"/>
    <property name="java.vendor.url.bug" value="http://bugreport.sun.com/bugreport/"/>
    <property name="java.io.tmpdir" value="/var/folders/xw/v5z1hhqn4vvbkchhc543z2bm0000gn/T/"/>
    <property name="java.version" value="1.8.0_181"/>
    <property name="user.dir" value="/Users/nijataliyev/eclipse-workspace/cucumber-selenium"/>
    <property name="os.arch" value="x86_64"/>
    <property name="java.vm.specification.name" value="Java Virtual Machine Specification"/>
    <property name="java.awt.printerjob" value="sun.lwawt.macosx.CPrinterJob"/>
    <property name="sun.os.patch.level" value="unknown"/>
    <property name="java.library.path" value="/Users/nijataliyev/Library/Java/Extensions:/Library/Java/Extensions:/Network/Library/Java/Extensions:/System/Library/Java/Extensions:/usr/lib/java:."/>
    <property name="java.vm.info" value="mixed mode"/>
    <property name="java.vendor" value="Oracle Corporation"/>
    <property name="java.vm.version" value="25.181-b13"/>
    <property name="java.ext.dirs" value="/Users/nijataliyev/Library/Java/Extensions:/Library/Java/JavaVirtualMachines/jdk1.8.0_181.jdk/Contents/Home/jre/lib/ext:/Library/Java/Extensions:/Network/Library/Java/Extensions:/System/Library/Java/Extensions:/usr/lib/java"/>
    <property name="sun.io.unicode.encoding" value="UnicodeBig"/>
    <property name="java.class.version" value="52.0"/>
    <property name="socksNonProxyHosts" value="local|*.local|169.254/16|*.169.254/16"/>
  </properties>
</testsuite>